f:\fileexchangeprojectsv11\lte_x2_handover_v11.0\32bit\code\lte\debug\vc141.pdb
f:\fileexchangeprojectsv11\lte_x2_handover_v11.0\32bit\code\lte\debug\vc141.idb
f:\fileexchangeprojectsv11\lte_x2_handover_v11.0\32bit\code\lte\debug\rrc.obj
f:\fileexchangeprojectsv11\lte_x2_handover_v11.0\32bit\code\lte\debug\rlc.obj
f:\fileexchangeprojectsv11\lte_x2_handover_v11.0\32bit\code\lte\debug\relay.obj
f:\fileexchangeprojectsv11\lte_x2_handover_v11.0\32bit\code\lte\debug\pdcp.obj
f:\fileexchangeprojectsv11\lte_x2_handover_v11.0\32bit\code\lte\debug\nas.obj
f:\fileexchangeprojectsv11\lte_x2_handover_v11.0\32bit\code\lte\debug\mimo.obj
f:\fileexchangeprojectsv11\lte_x2_handover_v11.0\32bit\code\lte\debug\mac_scheduler.obj
f:\fileexchangeprojectsv11\lte_x2_handover_v11.0\32bit\code\lte\debug\lte_phy.obj
f:\fileexchangeprojectsv11\lte_x2_handover_v11.0\32bit\code\lte\debug\lte_enum.obj
f:\fileexchangeprojectsv11\lte_x2_handover_v11.0\32bit\code\lte\debug\lte.obj
f:\fileexchangeprojectsv11\lte_x2_handover_v11.0\32bit\code\lte\debug\harq.obj
f:\fileexchangeprojectsv11\lte_x2_handover_v11.0\32bit\code\lte\debug\femtocell.obj
f:\fileexchangeprojectsv11\lte_x2_handover_v11.0\32bit\code\lte\debug\d2d.obj
f:\fileexchangeprojectsv11\lte_x2_handover_v11.0\32bit\code\lte\debug\ca.obj
f:\fileexchangeprojectsv11\lte_x2_handover_v11.0\32bit\code\dll\liblte.dll
f:\fileexchangeprojectsv11\lte_x2_handover_v11.0\32bit\code\dll\lte.pdb
f:\fileexchangeprojectsv11\lte_x2_handover_v11.0\32bit\code\dll\lte.lib
f:\fileexchangeprojectsv11\lte_x2_handover_v11.0\32bit\code\dll\lte.exp
f:\v11.1_projects\lte_x2_handover_v11.1\workspace_lte_handover\src\simulation\lte\debug\ca.obj
f:\v11.1_projects\lte_x2_handover_v11.1\workspace_lte_handover\src\simulation\lte\debug\d2d.obj
f:\v11.1_projects\lte_x2_handover_v11.1\workspace_lte_handover\src\simulation\lte\debug\femtocell.obj
f:\v11.1_projects\lte_x2_handover_v11.1\workspace_lte_handover\src\simulation\lte\debug\harq.obj
f:\v11.1_projects\lte_x2_handover_v11.1\workspace_lte_handover\src\simulation\lte\debug\lte.obj
f:\v11.1_projects\lte_x2_handover_v11.1\workspace_lte_handover\src\simulation\lte\debug\lte_enum.obj
f:\v11.1_projects\lte_x2_handover_v11.1\workspace_lte_handover\src\simulation\lte\debug\lte_phy.obj
f:\v11.1_projects\lte_x2_handover_v11.1\workspace_lte_handover\src\simulation\lte\debug\mac_scheduler.obj
f:\v11.1_projects\lte_x2_handover_v11.1\workspace_lte_handover\src\simulation\lte\debug\mimo.obj
f:\v11.1_projects\lte_x2_handover_v11.1\workspace_lte_handover\src\simulation\lte\debug\nas.obj
f:\v11.1_projects\lte_x2_handover_v11.1\workspace_lte_handover\src\simulation\lte\debug\pdcp.obj
f:\v11.1_projects\lte_x2_handover_v11.1\workspace_lte_handover\src\simulation\lte\debug\relay.obj
f:\v11.1_projects\lte_x2_handover_v11.1\workspace_lte_handover\src\simulation\lte\debug\rlc.obj
f:\v11.1_projects\lte_x2_handover_v11.1\workspace_lte_handover\src\simulation\lte\debug\rrc.obj
f:\v11.1_projects\lte_x2_handover_v11.1\workspace_lte_handover\src\simulation\lte\debug\vc141.idb
f:\v11.1_projects\lte_x2_handover_v11.1\workspace_lte_handover\src\simulation\lte\debug\vc141.pdb
f:\v11.1_projects\lte_x2_handover_v11.1\workspace_lte_handover\src\simulation\lte\debug\lte.tlog\cl.command.1.tlog
f:\v11.1_projects\lte_x2_handover_v11.1\workspace_lte_handover\src\simulation\lte\debug\lte.tlog\cl.read.1.tlog
f:\v11.1_projects\lte_x2_handover_v11.1\workspace_lte_handover\src\simulation\lte\debug\lte.tlog\cl.write.1.tlog
f:\v11.1_projects\lte_x2_handover_v11.1\workspace_lte_handover\src\simulation\lte\debug\lte.tlog\link.7044.delete.1.tlog
f:\v11.1_projects\lte_x2_handover_v11.1\workspace_lte_handover\src\simulation\lte\debug\lte.tlog\link.command.1.tlog
f:\v11.1_projects\lte_x2_handover_v11.1\workspace_lte_handover\src\simulation\lte\debug\lte.tlog\link.read.1.tlog
f:\v11.1_projects\lte_x2_handover_v11.1\workspace_lte_handover\src\simulation\lte\debug\lte.tlog\link.write.1.tlog
f:\v11.1_projects\lte_x2_handover_v11.1\workspace_lte_handover\src\simulation\lte\debug\lte.tlog\lte.write.1u.tlog
